============================================================
  Generated by:           Genus(TM) Synthesis Solution 18.14-s037_1
  Generated on:           May 23 2024  05:38:50 pm
  Module:                 key_generation
  Operating conditions:   typical 
  Interconnect mode:      global
  Area mode:              physical library
============================================================


Path 1: MET (0 ps) Setup Check with Pin ModInv/x_reg[893]/CK->D
          Group: clk
     Startpoint: (R) ModInv/y_reg[320]/CK
          Clock: (R) clk
       Endpoint: (F) ModInv/x_reg[893]/D
          Clock: (R) clk

                     Capture       Launch     
        Clock Edge:+    1000            0     
       Src Latency:+       0            0     
       Net Latency:+       0 (I)        0 (I) 
           Arrival:=    1000            0     
                                              
             Setup:-      42                  
     Required Time:=     958                  
      Launch Clock:-       0                  
         Data Path:-     958                  
             Slack:=       0                  

#---------------------------------------------------------------------------------------------------------------------
#                Timing Point                 Flags    Arc   Edge   Cell     Fanout Load Trans Delay Arrival Instance 
#                                                                                   (fF)  (ps)  (ps)   (ps)  Location 
#---------------------------------------------------------------------------------------------------------------------
  ModInv/y_reg[320]/CK                        -       -      R     (arrival)   5318    -     0     -       0    (-,-) 
  ModInv/y_reg[320]/Q                         -       CK->Q  R     DFF_X1        11 24.4    58   137     137    (-,-) 
  ModInv/csa_tree_sub_57_34_groupi_g143793/ZN -       A1->ZN F     NOR2_X2        3  5.3    15    14     151    (-,-) 
  ModInv/g104/ZN                              -       A->ZN  R     AOI21_X1       2  5.3    38    60     211    (-,-) 
  ModInv/csa_tree_sub_57_34_groupi_g140651/ZN -       A1->ZN F     NAND2_X2       3  7.0    16    24     236    (-,-) 
  ModInv/csa_tree_sub_57_34_groupi_g138568/ZN -       B2->ZN R     OAI21_X2       2  3.7    19    35     270    (-,-) 
  ModInv/csa_tree_sub_57_34_groupi_g137944/ZN -       A1->ZN F     NAND2_X1       1  1.8     9    16     286    (-,-) 
  ModInv/csa_tree_sub_57_34_groupi_g137446/ZN -       A1->ZN R     NAND2_X1       1  1.9    10    15     301    (-,-) 
  ModInv/csa_tree_sub_57_34_groupi_g136318/ZN -       A1->ZN F     NAND2_X1       1  1.8     7    13     314    (-,-) 
  ModInv/csa_tree_sub_57_34_groupi_g135976/ZN -       A1->ZN R     NAND2_X1       2  3.7    14    19     333    (-,-) 
  ModInv/csa_tree_sub_57_34_groupi_g135736/ZN -       A1->ZN F     NAND2_X1       1  1.8    11    14     347    (-,-) 
  ModInv/csa_tree_sub_57_34_groupi_g135670/ZN -       A2->ZN R     NAND2_X1       2  3.8    14    23     370    (-,-) 
  ModInv/csa_tree_sub_57_34_groupi_g135473/ZN -       A1->ZN F     NAND2_X1       1  3.2    10    18     388    (-,-) 
  ModInv/csa_tree_sub_57_34_groupi_g135341/ZN -       A1->ZN R     NAND2_X2       1  3.4    10    15     403    (-,-) 
  ModInv/csa_tree_sub_57_34_groupi_g135283/ZN -       A1->ZN F     NAND2_X2       1  3.2     8    12     415    (-,-) 
  ModInv/csa_tree_sub_57_34_groupi_g135206/ZN -       A1->ZN R     NAND2_X2       2  5.3    12    16     432    (-,-) 
  ModInv/csa_tree_sub_57_34_groupi_g145021/ZN -       A1->ZN R     AND2_X2        1  3.6     9    31     462    (-,-) 
  ModInv/csa_tree_sub_57_34_groupi_g135077/ZN -       A1->ZN F     NOR2_X2        2  5.1     8    10     472    (-,-) 
  ModInv/csa_tree_sub_57_34_groupi_g135000/ZN -       B1->ZN R     OAI21_X1       2  3.8    28    37     509    (-,-) 
  ModInv/csa_tree_sub_57_34_groupi_g134919/ZN -       B1->ZN F     AOI21_X1       1  3.5    15    23     532    (-,-) 
  ModInv/csa_tree_sub_57_34_groupi_g145016/ZN -       A2->ZN F     AND2_X4        3 10.4     7    34     567    (-,-) 
  ModInv/csa_tree_sub_57_34_groupi_g134553/ZN -       B1->ZN R     OAI21_X2       2  3.9    20    27     594    (-,-) 
  ModInv/csa_tree_sub_57_34_groupi_g134448/ZN -       A1->ZN R     AND2_X2        1  7.0    12    38     632    (-,-) 
  ModInv/csa_tree_sub_57_34_groupi_g134345/ZN -       A2->ZN F     NOR2_X4        1  6.0     7    10     642    (-,-) 
  ModInv/csa_tree_sub_57_34_groupi_g134266/ZN -       A1->ZN R     NAND2_X4      17 34.3    25    30     673    (-,-) 
  ModInv/csa_tree_sub_57_34_groupi_g134107/ZN -       A1->ZN F     NAND2_X2       3  9.4    14    24     697    (-,-) 
  ModInv/csa_tree_sub_57_34_groupi_g133925/ZN -       A1->ZN R     NAND2_X4       6 12.5    12    21     718    (-,-) 
  ModInv/csa_tree_sub_57_34_groupi_g133650/ZN -       A1->ZN F     NAND2_X1       1  3.2    11    17     735    (-,-) 
  ModInv/csa_tree_sub_57_34_groupi_g133422/ZN -       A1->ZN R     NAND2_X2       6 10.2    18    24     759    (-,-) 
  ModInv/csa_tree_sub_57_34_groupi_g133116/ZN -       A1->ZN R     AND3_X1        2  3.2    14    48     807    (-,-) 
  ModInv/csa_tree_sub_57_34_groupi_g132684/ZN -       A1->ZN R     OR3_X1         1  2.0     8    27     833    (-,-) 
  ModInv/csa_tree_sub_57_34_groupi_g132318/ZN -       A2->ZN F     NAND2_X1       1  1.8     9    13     847    (-,-) 
  ModInv/g176834/ZN                           -       C2->ZN R     AOI222_X1      1  1.9    48    93     940    (-,-) 
  ModInv/g175961/ZN                           -       A1->ZN F     NAND2_X1       1  1.4    14    17     958    (-,-) 
  ModInv/x_reg[893]/D                         <<<     -      F     DFF_X1         1    -     -     0     958    (-,-) 
#---------------------------------------------------------------------------------------------------------------------

