============================================================
  Generated by:           Genus(TM) Synthesis Solution 18.14-s037_1
  Generated on:           May 25 2024  01:01:26 pm
  Module:                 key_generation
  Operating conditions:   typical 
  Interconnect mode:      global
  Area mode:              physical library
============================================================


Path 1: MET (24 ps) Setup Check with Pin ModInv_x_reg[128]/CK->D
          Group: clk
     Startpoint: (R) ModInv_v_reg[0]/CK
          Clock: (R) clk
       Endpoint: (F) ModInv_x_reg[128]/D
          Clock: (R) clk

                     Capture       Launch     
        Clock Edge:+   10000            0     
       Src Latency:+       0            0     
       Net Latency:+       0 (I)        0 (I) 
           Arrival:=   10000            0     
                                              
             Setup:-      40                  
     Required Time:=    9960                  
      Launch Clock:-       0                  
         Data Path:-    9936                  
             Slack:=      24                  

#-----------------------------------------------------------------------------------------------------------------------------
#                   Timing Point                     Flags    Arc   Edge   Cell     Fanout  Load Trans Delay Arrival Instance 
#                                                                                           (fF)  (ps)  (ps)   (ps)  Location 
#-----------------------------------------------------------------------------------------------------------------------------
  ModInv_v_reg[0]/CK                                 -       -      R     (arrival)   1222     -     0     -       0    (-,-) 
  ModInv_v_reg[0]/Q                                  -       CK->Q  R     DFF_X1         6  10.5    27   104     104    (-,-) 
  ModInv_gte_63_28_g9953/ZN                          -       B->ZN  F     OAI211_X1      1   1.7    16    30     135    (-,-) 
  ModInv_gte_63_28_g9832/ZN                          -       A2->ZN R     AOI222_X1      1   1.9    48    64     198    (-,-) 
  ModInv_gte_63_28_g9802/ZN                          -       A1->ZN F     OAI222_X1      1   1.8    21    40     238    (-,-) 
  ModInv_gte_63_28_g9795/ZN                          -       A->ZN  R     OAI211_X1      1   2.0    22    28     266    (-,-) 
  ModInv_gte_63_28_g9788/ZN                          -       A1->ZN F     AOI22_X1       2   3.4    16    22     288    (-,-) 
  ModInv_gte_63_28_g9781/ZN                          -       A1->ZN R     NOR3_X1        1   2.0    29    39     327    (-,-) 
  ModInv_gte_63_28_g9777/ZN                          -       B1->ZN F     OAI21_X1       1   1.8    12    18     345    (-,-) 
  ModInv_gte_63_28_g9776/ZN                          -       A->ZN  R     OAI221_X1      1   1.9    36    23     368    (-,-) 
  ModInv_gte_63_28_g9775/ZN                          -       C1->ZN F     AOI221_X1      1   1.6    16    21     389    (-,-) 
  ModInv_gte_63_28_g9774/ZN                          -       A1->ZN R     NOR4_X1        1   2.0    45    52     441    (-,-) 
  ModInv_gte_63_28_g9773/ZN                          -       A1->ZN F     NOR4_X1        1   1.7    12    14     454    (-,-) 
  ModInv_gte_63_28_g9772/ZN                          -       C1->ZN R     OAI211_X1      1   1.9    22    32     486    (-,-) 
  ModInv_gte_63_28_g9771/ZN                          -       C1->ZN F     OAI221_X1      1   1.7    18    27     513    (-,-) 
  ModInv_gte_63_28_g9770/ZN                          -       C1->ZN R     AOI221_X1      1   1.2    38    45     558    (-,-) 
  ModInv_gte_63_28_g9769/ZN                          -       A1->ZN R     OR4_X1         1   1.9     9    34     592    (-,-) 
  ModInv_gte_63_28_g9768/ZN                          -       A->ZN  F     OAI211_X1      2  14.3    46    64     656    (-,-) 
  ModInv_g61746/ZN                                   -       A->ZN  R     INV_X8       134 243.9    72   103     759    (-,-) 
  ModInv_g49231/ZN                                   -       A1->ZN F     NAND2_X4     129 216.5   102   148     907    (-,-) 
  ModInv_g49205/ZN                                   -       A->ZN  R     INV_X2         6  25.0    46    82     989    (-,-) 
  ModInv_g49038/ZN                                   -       A1->ZN R     AND2_X4      129 238.9   140   181    1169    (-,-) 
  ModInv_g49017/ZN                                   -       B1->ZN F     AOI222_X1      1   1.8    45    39    1208    (-,-) 
  ModInv_g48953/ZN                                   -       A->ZN  R     INV_X1         3   6.2    23    41    1249    (-,-) 
  ModInv_sub_61_33_Y_add_35_27_Y_sub_60_27_g13120/ZN -       A1->ZN F     NOR2_X1        1   1.8    13    11    1260    (-,-) 
  ModInv_sub_61_33_Y_add_35_27_Y_sub_60_27_g12876/ZN -       B1->ZN R     OAI21_X1       2   4.3    30    42    1301    (-,-) 
  ModInv_sub_61_33_Y_add_35_27_Y_sub_60_27_g12816/ZN -       A1->ZN F     NAND2_X1       1   1.8    11    17    1319    (-,-) 
  ModInv_sub_61_33_Y_add_35_27_Y_sub_60_27_g12814/ZN -       A1->ZN R     NAND2_X1       2   4.3    15    22    1341    (-,-) 
  ModInv_sub_61_33_Y_add_35_27_Y_sub_60_27_g12812/ZN -       A->ZN  F     XNOR2_X1       3   5.4    16    24    1365    (-,-) 
  g88174/ZN                                          -       C1->ZN R     AOI222_X1      1   4.0    64   106    1470    (-,-) 
  g88264/CO                                          -       A->CO  R     FA_X1          1   4.0    16    72    1542    (-,-) 
  g88261/CO                                          -       A->CO  R     FA_X1          1   4.0    16    55    1597    (-,-) 
  g88259/CO                                          -       A->CO  R     FA_X1          1   4.0    16    55    1652    (-,-) 
  g88257/CO                                          -       A->CO  R     FA_X1          1   4.0    16    55    1706    (-,-) 
  g88255/CO                                          -       A->CO  R     FA_X1          1   4.0    16    55    1761    (-,-) 
  g88253/CO                                          -       A->CO  R     FA_X1          1   4.0    16    55    1816    (-,-) 
  g88251/CO                                          -       A->CO  R     FA_X1          1   4.0    16    55    1871    (-,-) 
  g88249/CO                                          -       A->CO  R     FA_X1          1   4.0    16    55    1926    (-,-) 
  g88247/CO                                          -       A->CO  R     FA_X1          1   4.0    16    55    1980    (-,-) 
  g88245/CO                                          -       A->CO  R     FA_X1          1   4.0    16    55    2035    (-,-) 
  g88243/CO                                          -       A->CO  R     FA_X1          1   4.0    16    55    2090    (-,-) 
  g88241/CO                                          -       A->CO  R     FA_X1          1   4.0    16    55    2145    (-,-) 
  g88239/CO                                          -       A->CO  R     FA_X1          1   4.0    16    55    2200    (-,-) 
  g88237/CO                                          -       A->CO  R     FA_X1          1   4.0    16    55    2254    (-,-) 
  g88235/CO                                          -       A->CO  R     FA_X1          1   4.0    16    55    2309    (-,-) 
  g88233/CO                                          -       A->CO  R     FA_X1          1   4.0    16    55    2364    (-,-) 
  g88231/CO                                          -       A->CO  R     FA_X1          1   4.0    16    55    2419    (-,-) 
  g88229/CO                                          -       A->CO  R     FA_X1          1   4.0    16    55    2474    (-,-) 
  g88227/CO                                          -       A->CO  R     FA_X1          1   4.0    16    55    2528    (-,-) 
  g88225/CO                                          -       A->CO  R     FA_X1          1   4.0    16    55    2583    (-,-) 
  g88223/CO                                          -       A->CO  R     FA_X1          1   4.0    16    55    2638    (-,-) 
  g88221/CO                                          -       A->CO  R     FA_X1          1   4.0    16    55    2693    (-,-) 
  g88219/CO                                          -       A->CO  R     FA_X1          1   4.0    16    55    2748    (-,-) 
  g88217/CO                                          -       A->CO  R     FA_X1          1   4.0    16    55    2802    (-,-) 
  g88215/CO                                          -       A->CO  R     FA_X1          1   4.0    16    55    2857    (-,-) 
  g88213/CO                                          -       A->CO  R     FA_X1          1   4.0    16    55    2912    (-,-) 
  g88211/CO                                          -       A->CO  R     FA_X1          1   4.0    16    55    2967    (-,-) 
  g88209/CO                                          -       A->CO  R     FA_X1          1   4.0    16    55    3022    (-,-) 
  g88207/CO                                          -       A->CO  R     FA_X1          1   4.0    16    55    3076    (-,-) 
  g88205/CO                                          -       A->CO  R     FA_X1          1   4.0    16    55    3131    (-,-) 
  g88203/CO                                          -       A->CO  R     FA_X1          1   4.0    16    55    3186    (-,-) 
  g88201/CO                                          -       A->CO  R     FA_X1          1   4.0    16    55    3241    (-,-) 
  g88199/CO                                          -       A->CO  R     FA_X1          1   4.0    16    55    3296    (-,-) 
  g88197/CO                                          -       A->CO  R     FA_X1          1   4.0    16    55    3350    (-,-) 
  g88195/CO                                          -       A->CO  R     FA_X1          1   4.0    16    55    3405    (-,-) 
  g88193/CO                                          -       A->CO  R     FA_X1          1   4.0    16    55    3460    (-,-) 
  g88191/CO                                          -       A->CO  R     FA_X1          1   4.0    16    55    3515    (-,-) 
  g88189/CO                                          -       A->CO  R     FA_X1          1   4.0    16    55    3570    (-,-) 
  g88187/CO                                          -       A->CO  R     FA_X1          1   4.0    16    55    3624    (-,-) 
  g88185/CO                                          -       A->CO  R     FA_X1          1   4.0    16    55    3679    (-,-) 
  g88183/CO                                          -       A->CO  R     FA_X1          1   4.0    16    55    3734    (-,-) 
  g88181/CO                                          -       A->CO  R     FA_X1          1   4.0    16    55    3789    (-,-) 
  g88180/CO                                          -       A->CO  R     FA_X1          1   2.0    12    49    3838    (-,-) 
  g88179/ZN                                          -       A->ZN  F     INV_X1         1   3.0     6    10    3848    (-,-) 
  ModInv_sub_57_33_Y_sub_56_27_Y_sub_59_27_g3683/CO  -       CI->CO F     FA_X1          1   3.0    15    69    3917    (-,-) 
  ModInv_sub_57_33_Y_sub_56_27_Y_sub_59_27_g3682/CO  -       CI->CO F     FA_X1          1   3.0    15    72    3989    (-,-) 
  ModInv_sub_57_33_Y_sub_56_27_Y_sub_59_27_g3681/CO  -       CI->CO F     FA_X1          1   3.0    15    72    4061    (-,-) 
  ModInv_sub_57_33_Y_sub_56_27_Y_sub_59_27_g3680/CO  -       CI->CO F     FA_X1          1   3.0    15    72    4134    (-,-) 
  ModInv_sub_57_33_Y_sub_56_27_Y_sub_59_27_g3679/CO  -       CI->CO F     FA_X1          1   3.0    15    72    4206    (-,-) 
  ModInv_sub_57_33_Y_sub_56_27_Y_sub_59_27_g3678/CO  -       CI->CO F     FA_X1          1   3.0    15    72    4278    (-,-) 
  ModInv_sub_57_33_Y_sub_56_27_Y_sub_59_27_g3677/CO  -       CI->CO F     FA_X1          1   3.0    15    72    4350    (-,-) 
  ModInv_sub_57_33_Y_sub_56_27_Y_sub_59_27_g3676/CO  -       CI->CO F     FA_X1          1   3.0    15    72    4423    (-,-) 
  ModInv_sub_57_33_Y_sub_56_27_Y_sub_59_27_g3675/CO  -       CI->CO F     FA_X1          1   3.0    15    72    4495    (-,-) 
  ModInv_sub_57_33_Y_sub_56_27_Y_sub_59_27_g3674/CO  -       CI->CO F     FA_X1          1   3.0    15    72    4567    (-,-) 
  ModInv_sub_57_33_Y_sub_56_27_Y_sub_59_27_g3673/CO  -       CI->CO F     FA_X1          1   3.0    15    72    4640    (-,-) 
  ModInv_sub_57_33_Y_sub_56_27_Y_sub_59_27_g3672/CO  -       CI->CO F     FA_X1          1   3.0    15    72    4712    (-,-) 
  ModInv_sub_57_33_Y_sub_56_27_Y_sub_59_27_g3671/CO  -       CI->CO F     FA_X1          1   3.0    15    72    4784    (-,-) 
  ModInv_sub_57_33_Y_sub_56_27_Y_sub_59_27_g3670/CO  -       CI->CO F     FA_X1          1   3.0    15    72    4856    (-,-) 
  ModInv_sub_57_33_Y_sub_56_27_Y_sub_59_27_g3669/CO  -       CI->CO F     FA_X1          1   3.0    15    72    4929    (-,-) 
  ModInv_sub_57_33_Y_sub_56_27_Y_sub_59_27_g3668/CO  -       CI->CO F     FA_X1          1   3.0    15    72    5001    (-,-) 
  ModInv_sub_57_33_Y_sub_56_27_Y_sub_59_27_g3667/CO  -       CI->CO F     FA_X1          1   3.0    15    72    5073    (-,-) 
  ModInv_sub_57_33_Y_sub_56_27_Y_sub_59_27_g3666/CO  -       CI->CO F     FA_X1          1   3.0    15    72    5146    (-,-) 
  ModInv_sub_57_33_Y_sub_56_27_Y_sub_59_27_g3665/CO  -       CI->CO F     FA_X1          1   3.0    15    72    5218    (-,-) 
  ModInv_sub_57_33_Y_sub_56_27_Y_sub_59_27_g3664/CO  -       CI->CO F     FA_X1          1   3.0    15    72    5290    (-,-) 
  ModInv_sub_57_33_Y_sub_56_27_Y_sub_59_27_g3663/CO  -       CI->CO F     FA_X1          1   3.0    15    72    5363    (-,-) 
  ModInv_sub_57_33_Y_sub_56_27_Y_sub_59_27_g3662/CO  -       CI->CO F     FA_X1          1   3.0    15    72    5435    (-,-) 
  ModInv_sub_57_33_Y_sub_56_27_Y_sub_59_27_g3661/CO  -       CI->CO F     FA_X1          1   3.0    15    72    5507    (-,-) 
  ModInv_sub_57_33_Y_sub_56_27_Y_sub_59_27_g3660/CO  -       CI->CO F     FA_X1          1   3.0    15    72    5580    (-,-) 
  ModInv_sub_57_33_Y_sub_56_27_Y_sub_59_27_g3659/CO  -       CI->CO F     FA_X1          1   3.0    15    72    5652    (-,-) 
  ModInv_sub_57_33_Y_sub_56_27_Y_sub_59_27_g3658/CO  -       CI->CO F     FA_X1          1   3.0    15    72    5724    (-,-) 
  ModInv_sub_57_33_Y_sub_56_27_Y_sub_59_27_g3657/CO  -       CI->CO F     FA_X1          1   3.0    15    72    5796    (-,-) 
  ModInv_sub_57_33_Y_sub_56_27_Y_sub_59_27_g3656/CO  -       CI->CO F     FA_X1          1   3.0    15    72    5869    (-,-) 
  ModInv_sub_57_33_Y_sub_56_27_Y_sub_59_27_g3655/CO  -       CI->CO F     FA_X1          1   3.0    15    72    5941    (-,-) 
  ModInv_sub_57_33_Y_sub_56_27_Y_sub_59_27_g3654/CO  -       CI->CO F     FA_X1          1   3.0    15    72    6013    (-,-) 
  ModInv_sub_57_33_Y_sub_56_27_Y_sub_59_27_g3653/CO  -       CI->CO F     FA_X1          1   3.0    15    72    6086    (-,-) 
  ModInv_sub_57_33_Y_sub_56_27_Y_sub_59_27_g3652/CO  -       CI->CO F     FA_X1          1   3.0    15    72    6158    (-,-) 
  ModInv_sub_57_33_Y_sub_56_27_Y_sub_59_27_g3651/CO  -       CI->CO F     FA_X1          1   3.0    15    72    6230    (-,-) 
  ModInv_sub_57_33_Y_sub_56_27_Y_sub_59_27_g3650/CO  -       CI->CO F     FA_X1          1   3.0    15    72    6302    (-,-) 
  ModInv_sub_57_33_Y_sub_56_27_Y_sub_59_27_g3649/CO  -       CI->CO F     FA_X1          1   3.0    15    72    6375    (-,-) 
  ModInv_sub_57_33_Y_sub_56_27_Y_sub_59_27_g3648/CO  -       CI->CO F     FA_X1          1   3.0    15    72    6447    (-,-) 
  ModInv_sub_57_33_Y_sub_56_27_Y_sub_59_27_g3647/CO  -       CI->CO F     FA_X1          1   3.0    15    72    6519    (-,-) 
  ModInv_sub_57_33_Y_sub_56_27_Y_sub_59_27_g3646/CO  -       CI->CO F     FA_X1          1   3.0    15    72    6592    (-,-) 
  ModInv_sub_57_33_Y_sub_56_27_Y_sub_59_27_g3645/CO  -       CI->CO F     FA_X1          1   3.0    15    72    6664    (-,-) 
  ModInv_sub_57_33_Y_sub_56_27_Y_sub_59_27_g3644/CO  -       CI->CO F     FA_X1          1   3.0    15    72    6736    (-,-) 
  ModInv_sub_57_33_Y_sub_56_27_Y_sub_59_27_g3643/CO  -       CI->CO F     FA_X1          1   3.0    15    72    6809    (-,-) 
  ModInv_sub_57_33_Y_sub_56_27_Y_sub_59_27_g3642/CO  -       CI->CO F     FA_X1          1   3.0    15    72    6881    (-,-) 
  ModInv_sub_57_33_Y_sub_56_27_Y_sub_59_27_g3641/CO  -       CI->CO F     FA_X1          1   3.0    15    72    6953    (-,-) 
  ModInv_sub_57_33_Y_sub_56_27_Y_sub_59_27_g3640/CO  -       CI->CO F     FA_X1          1   3.0    15    72    7026    (-,-) 
  ModInv_sub_57_33_Y_sub_56_27_Y_sub_59_27_g3639/CO  -       CI->CO F     FA_X1          1   3.0    15    72    7098    (-,-) 
  ModInv_sub_57_33_Y_sub_56_27_Y_sub_59_27_g3638/CO  -       CI->CO F     FA_X1          1   3.0    15    72    7170    (-,-) 
  ModInv_sub_57_33_Y_sub_56_27_Y_sub_59_27_g3637/CO  -       CI->CO F     FA_X1          1   3.0    15    72    7242    (-,-) 
  ModInv_sub_57_33_Y_sub_56_27_Y_sub_59_27_g3636/CO  -       CI->CO F     FA_X1          1   3.0    15    72    7315    (-,-) 
  ModInv_sub_57_33_Y_sub_56_27_Y_sub_59_27_g3635/CO  -       CI->CO F     FA_X1          1   3.0    15    72    7387    (-,-) 
  ModInv_sub_57_33_Y_sub_56_27_Y_sub_59_27_g3634/CO  -       CI->CO F     FA_X1          1   3.0    15    72    7459    (-,-) 
  ModInv_sub_57_33_Y_sub_56_27_Y_sub_59_27_g3633/CO  -       CI->CO F     FA_X1          1   3.0    15    72    7532    (-,-) 
  ModInv_sub_57_33_Y_sub_56_27_Y_sub_59_27_g3632/CO  -       CI->CO F     FA_X1          1   3.0    15    72    7604    (-,-) 
  ModInv_sub_57_33_Y_sub_56_27_Y_sub_59_27_g3631/CO  -       CI->CO F     FA_X1          1   3.0    15    72    7676    (-,-) 
  ModInv_sub_57_33_Y_sub_56_27_Y_sub_59_27_g3630/CO  -       CI->CO F     FA_X1          1   3.0    15    72    7748    (-,-) 
  ModInv_sub_57_33_Y_sub_56_27_Y_sub_59_27_g3629/CO  -       CI->CO F     FA_X1          1   3.0    15    72    7821    (-,-) 
  ModInv_sub_57_33_Y_sub_56_27_Y_sub_59_27_g3628/CO  -       CI->CO F     FA_X1          1   3.0    15    72    7893    (-,-) 
  ModInv_sub_57_33_Y_sub_56_27_Y_sub_59_27_g3627/CO  -       CI->CO F     FA_X1          1   3.0    15    72    7965    (-,-) 
  ModInv_sub_57_33_Y_sub_56_27_Y_sub_59_27_g3626/CO  -       CI->CO F     FA_X1          1   3.0    15    72    8038    (-,-) 
  ModInv_sub_57_33_Y_sub_56_27_Y_sub_59_27_g3625/CO  -       CI->CO F     FA_X1          1   3.0    15    72    8110    (-,-) 
  ModInv_sub_57_33_Y_sub_56_27_Y_sub_59_27_g3624/CO  -       CI->CO F     FA_X1          1   3.0    15    72    8182    (-,-) 
  ModInv_sub_57_33_Y_sub_56_27_Y_sub_59_27_g3623/CO  -       CI->CO F     FA_X1          1   3.0    15    72    8255    (-,-) 
  ModInv_sub_57_33_Y_sub_56_27_Y_sub_59_27_g3622/CO  -       CI->CO F     FA_X1          1   3.0    15    72    8327    (-,-) 
  ModInv_sub_57_33_Y_sub_56_27_Y_sub_59_27_g3621/CO  -       CI->CO F     FA_X1          1   3.0    15    72    8399    (-,-) 
  ModInv_sub_57_33_Y_sub_56_27_Y_sub_59_27_g3620/CO  -       CI->CO F     FA_X1          1   3.0    15    72    8472    (-,-) 
  ModInv_sub_57_33_Y_sub_56_27_Y_sub_59_27_g3619/CO  -       CI->CO F     FA_X1          1   3.0    15    72    8544    (-,-) 
  ModInv_sub_57_33_Y_sub_56_27_Y_sub_59_27_g3618/CO  -       CI->CO F     FA_X1          1   3.0    15    72    8616    (-,-) 
  ModInv_sub_57_33_Y_sub_56_27_Y_sub_59_27_g3617/CO  -       CI->CO F     FA_X1          1   3.0    15    72    8688    (-,-) 
  ModInv_sub_57_33_Y_sub_56_27_Y_sub_59_27_g3616/CO  -       CI->CO F     FA_X1          1   3.0    15    72    8761    (-,-) 
  ModInv_sub_57_33_Y_sub_56_27_Y_sub_59_27_g3615/CO  -       CI->CO F     FA_X1          1   3.0    15    72    8833    (-,-) 
  ModInv_sub_57_33_Y_sub_56_27_Y_sub_59_27_g3614/CO  -       CI->CO F     FA_X1          1   3.0    15    72    8905    (-,-) 
  ModInv_sub_57_33_Y_sub_56_27_Y_sub_59_27_g3613/CO  -       CI->CO F     FA_X1          1   3.0    15    72    8978    (-,-) 
  ModInv_sub_57_33_Y_sub_56_27_Y_sub_59_27_g3612/CO  -       CI->CO F     FA_X1          1   3.0    15    72    9050    (-,-) 
  ModInv_sub_57_33_Y_sub_56_27_Y_sub_59_27_g3611/CO  -       CI->CO F     FA_X1          1   3.0    15    72    9122    (-,-) 
  ModInv_sub_57_33_Y_sub_56_27_Y_sub_59_27_g3610/CO  -       CI->CO F     FA_X1          1   3.0    15    72    9194    (-,-) 
  ModInv_sub_57_33_Y_sub_56_27_Y_sub_59_27_g3609/CO  -       CI->CO F     FA_X1          1   3.0    15    72    9267    (-,-) 
  ModInv_sub_57_33_Y_sub_56_27_Y_sub_59_27_g3608/CO  -       CI->CO F     FA_X1          1   3.0    15    72    9339    (-,-) 
  ModInv_sub_57_33_Y_sub_56_27_Y_sub_59_27_g3607/CO  -       CI->CO F     FA_X1          1   3.0    15    72    9411    (-,-) 
  ModInv_sub_57_33_Y_sub_56_27_Y_sub_59_27_g3606/CO  -       CI->CO F     FA_X1          1   3.0    15    72    9484    (-,-) 
  ModInv_sub_57_33_Y_sub_56_27_Y_sub_59_27_g3605/CO  -       CI->CO F     FA_X1          1   3.0    15    72    9556    (-,-) 
  ModInv_sub_57_33_Y_sub_56_27_Y_sub_59_27_g3604/CO  -       CI->CO F     FA_X1          1   3.0    15    72    9628    (-,-) 
  ModInv_sub_57_33_Y_sub_56_27_Y_sub_59_27_g3603/CO  -       CI->CO F     FA_X1          1   3.0    15    72    9701    (-,-) 
  ModInv_sub_57_33_Y_sub_56_27_Y_sub_59_27_g3602/CO  -       CI->CO F     FA_X1          1   3.0    15    72    9773    (-,-) 
  ModInv_sub_57_33_Y_sub_56_27_Y_sub_59_27_g3601/CO  -       CI->CO F     FA_X1          1   2.4    14    71    9844    (-,-) 
  ModInv_sub_57_33_Y_sub_56_27_Y_sub_59_27_g3600/ZN  -       A->ZN  F     XNOR2_X1       1   1.9    12    40    9884    (-,-) 
  ModInv_g76627/ZN                                   -       B1->ZN R     AOI22_X1       1   2.0    31    44    9928    (-,-) 
  ModInv_g76506/ZN                                   -       A->ZN  F     INV_X1         1   1.4     8     9    9936    (-,-) 
  ModInv_x_reg[128]/D                                <<<     -      F     DFF_X1         1     -     -     0    9936    (-,-) 
#-----------------------------------------------------------------------------------------------------------------------------

